TN:
SF:C:\Python Projects\Alpha-Finance-Tracker\Finance-Tracker-Service\app\api\services\expenditures.py
DA:1,1,IYkHMmtdP0PzFbW7Lld8hg
DA:2,1,LNJyfIFG8Az1Pi7PQ6+NVg
DA:5,1,DW6bWj45mijL9evSpVEtMw
DA:7,1,kBYL7lxxemB3pBmvBzX5dA
DA:10,1,kP0PooAlM49BkEO61v93jg
DA:25,1,99gl4EwskoB2T66+NYg+8w
DA:31,1,S/rhAr0C/nLaW4fRdGEmNw
DA:8,0,4VPuoQvINcH8KOXzptY2nw
DA:11,0,uWwfdsa6wF5gpNyx8MwUrA
DA:12,0,KOAtJQtaTWX4xvRA85F8sQ
DA:13,0,24ccMqiYUT53/AArQR76eg
DA:14,0,xjcDBnSwra0OiNOAYAwoHA
DA:15,0,4ZDvPcVeBEQA0eHS2/NADQ
DA:16,0,DiLWLi1etxXIUPub6hbj5g
DA:17,0,7i+gH6tzBMM/xvgfeWmozg
DA:19,0,BgWOyOfaKS2Ljlm3uYkuHw
DA:20,0,vkRmd+WbsbD/bq1rmq3X6Q
DA:21,0,3pqafCewNkfaq4d0WgC33Q
DA:22,0,3YMCPDRRiTd7NrrdXZvSGQ
DA:23,0,/epQTfp1jOvjGFsvUkRYHA
DA:26,0,UsntOJhTIV8aMYYdP+eWXg
DA:27,0,WctXH1q1DAVHlwFjAj6ibw
DA:28,0,oRqjiBPi5NAmfQQJf8p5Uw
DA:32,0,RkUPZs8XnXKHgd654WQn7w
DA:37,0,MU0LAVdPscPgKUqVmWpkBA
DA:39,0,D/Jw4DkL16eXneoWkqlCGw
LF:26
LH:7
end_of_record
TN:
SF:C:\Python Projects\Alpha-Finance-Tracker\Finance-Tracker-Service\app\database\config.py
DA:1,1,hyoFs7Q2kEx+ZBdXo1gcBA
DA:3,1,3fOm3DkA091z0Q8FDEpq5w
DA:4,1,TjtQ0hJLnFmMl++nQgS2iw
DA:5,1,SARpxQfpJNTUgPOy1JQ77w
DA:6,1,TxEkDxszf+f9fzyDptX8QQ
DA:7,1,4mUSNFisLv47S+4QW9yvrg
DA:8,1,+o8wz7Dpy0zRkAdaFstR/Q
DA:10,1,fSxZ6/qzdKy2pEcxhY/JLQ
LF:8
LH:8
end_of_record
TN:
SF:C:\Python Projects\Alpha-Finance-Tracker\Finance-Tracker-Service\app\database\database.py
DA:1,1,dJgSo3J1ZcfReWkXu0fKFQ
DA:3,1,lKWbyJnhh5fcCqMfuH8JPw
DA:4,1,ZBuURFYjqBZc5UQjkSAzFQ
DA:5,1,DTFvkDZpgrcuB9VTEe7NwA
DA:6,1,0B6z2YSYoiVWaaDs8ol8GA
DA:8,1,ozZWVh/+yp8+JJMfY6jNvQ
DA:11,1,RuZ5KcncCoRYUb0REMXZIg
DA:12,1,a9vrQjb4ih2gNwUKK8GGgA
DA:13,1,777ZvZbnCUqwkr8UPfX1HA
DA:14,1,TYrKXJE9KJ4Wsn5b1yfpKA
DA:18,1,q4Kwy4e2XWtY4PCYRTlEUw
DA:19,1,vzDZCBezA5zqkZD7uuXuUw
DA:24,1,+X23RayEULpZuoEkBOYTyQ
DA:15,0,r8qxf2lvcMGHhQqEZBnsJA
DA:16,0,PfXlYkTJKYk1y3SMnod7Ww
DA:20,0,8v+iO1PbAg/1yDwwt6hBng
DA:21,0,r14kk77qgGIfo3uAwgbhtw
DA:35,0,8v+iO1PbAg/1yDwwt6hBng
DA:36,0,xjcDBnSwra0OiNOAYAwoHA
DA:37,0,le7obBRDTsdws81DdN0OTQ
DA:38,0,H7JPVUhjZ/w3/VYU6Bv6IQ
DA:39,0,+GWsphdhRejlMnre9sqPXA
DA:40,0,KOhx1tSGfMtJDsL7Y40S5g
DA:41,0,0ml07jP0q8pDgiyWbXJvAQ
DA:42,0,AkAl9hbl+Kr1wlx7+ei7vw
DA:43,0,MnpVNvqkQCoFbvpFdPSZ/g
DA:45,0,pEMRfctrSPI5xOIKAwge7w
DA:46,0,aJN5Cq7Wz+0iefx8zlGUHA
DA:47,0,N6rPuiHbsfZ12FynUX4n2Q
DA:48,0,HqlXAcXZnYzbmAOWKp4ezg
LF:30
LH:13
end_of_record
TN:
SF:C:\Python Projects\Alpha-Finance-Tracker\Finance-Tracker-Service\app\database\models\expenditures.py
DA:1,1,4KXOIu0EzlFAqlH6QJ+whA
DA:3,1,w5ySUgxw6KkdNJWWdoTydQ
DA:4,1,ZBuURFYjqBZc5UQjkSAzFQ
DA:6,1,yLELqjXchZ91PowUhUJhCQ
DA:9,1,o2qkQIOqbC0xHYkPzWfYIQ
DA:10,1,zK3tUmuhB3GruNI0zPke3w
DA:12,1,O+mth+SX1YjwCkTxIBtZdw
DA:13,1,qnoNShbkWuq7nV9Sb08Nng
DA:14,1,NY2s/Mudwb0JjOQRTsv9kg
DA:15,1,tsAccfxT2WZBOhCLQWheYg
DA:16,1,EqZxGA6xZ5DHaJgCaGpIJg
DA:17,1,9KewHoGrgbvBzrd+MZjqOw
DA:18,1,QSWBEMkPEjIi8rEo//3FEw
DA:20,1,x/kfm13zJo2KM0I7VDzkxg
DA:49,1,Nnqu9X+lU2lagW39QNhFWA
DA:50,1,gBsU4JUT9kuGVS5C5pqBOQ
DA:22,0,tsqVPEM7UqxeT5rRcV1hew
DA:23,0,xvWIcpcyNr0gyGcTkdMxXw
DA:24,0,FSTcNTOXPihnpeKeov8NQQ
DA:25,0,pE8+PA7Lp7HrXbpXjCdWYA
DA:26,0,3dBhjxahjljZPww056/LpA
DA:33,0,ncqqc21G+sH6MlL56EkXmQ
DA:34,0,3dBhjxahjljZPww056/LpA
DA:41,0,leXgZ8keigKih6q11vBedg
DA:42,0,TtKlkOO0WI6iUFgIYLoj3g
DA:43,0,deC3xERGMO7dGGMxXapJ5g
DA:44,0,a2OUTBdxS74yTXVfHOYkBw
DA:46,0,gbsNvySVV8to08YKkHk8yA
DA:47,0,qL9DgtAxeorG7cjy+kb0Jg
DA:51,0,tsqVPEM7UqxeT5rRcV1hew
DA:52,0,xvWIcpcyNr0gyGcTkdMxXw
DA:53,0,q9b2DyUeE60eVEeClMyZ0A
DA:54,0,QjZZeoPVjL3PWqlEfNw05w
DA:55,0,a2OUTBdxS74yTXVfHOYkBw
DA:57,0,LS/AlZgbaI0/51E/RUfQVA
DA:58,0,hjyzHL3CqfkA5/BOKVc+lQ
LF:36
LH:16
end_of_record
TN:
SF:C:\Python Projects\Alpha-Finance-Tracker\Finance-Tracker-Service\app\models\base_models\calendar.py
DA:1,1,0tRnYWT7fnP6+iJzpYJFFA
DA:4,1,VZnD1OS+QcXt6qVypZilgg
DA:5,1,XoVUOkRyu3PGO4dLV1agZw
DA:6,1,9JtFyovwU/s5AqKsvWLnGQ
DA:7,0,ZsPI7IOzVWacIAL6deimNw
LF:5
LH:4
end_of_record
TN:
SF:C:\Python Projects\Alpha-Finance-Tracker\Finance-Tracker-Service\app\models\base_models\periods.py
DA:1,1,4oUDC2NkD/xmn9hI/HYl8Q
DA:2,1,/p8cnIZjSxtsDIdDFoCakA
DA:3,1,kvYiiXbrkiwIUT1r5ia7JA
DA:4,1,9K5CsU9McQCOZHkl03a7dw
DA:5,1,psoNp7mSIylt8j14/KBzHw
DA:8,1,b4/xbk8l4ahlaeVe8xn/VQ
DA:9,1,jbgqKqJ3rrRrHhgk7fuY4A
DA:10,1,X6ji7nBMbVtYlIUQak5rDQ
DA:11,1,pGbWgGC/jxRkbuSQk6TvbQ
DA:12,1,fiXcg+QSuUHePYGn6Mrr/Q
DA:13,1,nV9tfmRJ8o3f2MO+zvWPaw
DA:15,1,LrBsFv+1HUdGr2GalE0RMw
DA:25,1,HmADa1g/W1C2Vo9Wm4sNNA
DA:26,1,hmEurnOVaDKmEOQOUAfNeA
DA:29,1,HmADa1g/W1C2Vo9Wm4sNNA
DA:30,1,0x1Lk96EuvEsfhDsJR/rlQ
DA:33,1,HmADa1g/W1C2Vo9Wm4sNNA
DA:34,1,Yc5KZLVSKJS4E03rVE3dxQ
DA:37,1,HmADa1g/W1C2Vo9Wm4sNNA
DA:38,1,uFEMt7gjWTfblAvvOvBGqg
DA:41,1,HmADa1g/W1C2Vo9Wm4sNNA
DA:42,1,xJjLFm1c/kFGPC/Ly55IaA
DA:45,1,cyOOP7h7KG8s8e61+6k6hQ
DA:16,0,nJlBK4zHJwOqtvr32n0w7w
DA:17,0,wP5z1ZU/01IQMGelEI4lqg
DA:27,0,V6v0rUZL6kU5373u5FhE0Q
DA:31,0,mpj3HBKefQt+qcjScdO/Kg
DA:35,0,rr0zpj4UjrGTwVWXtgOofQ
DA:39,0,FqP2ejCK8J71vOV2t2kEqg
DA:43,0,G3MiXPv2wUywEWVx82b7WQ
DA:46,0,admHS5++c38Igcc08Zlfag
LF:31
LH:23
end_of_record
TN:
SF:C:\Python Projects\Alpha-Finance-Tracker\Finance-Tracker-Service\app\models\calendar_intervals\month.py
DA:1,1,/+It2jF0zK9Ii+hjDIpGpw
DA:2,1,WpEjgxacqgxANZhpobgHYQ
DA:4,1,heOPf0DzELJsQ+3nrhe+Bg
DA:7,1,BftjEnIpy9ul17RmmkU4BA
DA:9,1,9JtFyovwU/s5AqKsvWLnGQ
DA:10,0,gcPc7DRRQRihRw9sl7DO+A
DA:11,0,ks0zINiF4t3EadIFCXRBQg
LF:7
LH:5
end_of_record
TN:
SF:C:\Python Projects\Alpha-Finance-Tracker\Finance-Tracker-Service\app\models\calendar_intervals\quarter.py
DA:1,1,/+It2jF0zK9Ii+hjDIpGpw
DA:2,1,WpEjgxacqgxANZhpobgHYQ
DA:4,1,heOPf0DzELJsQ+3nrhe+Bg
DA:7,1,jM01VW2JUGa8mAlcr9ziQg
DA:8,1,9JtFyovwU/s5AqKsvWLnGQ
DA:9,0,gcPc7DRRQRihRw9sl7DO+A
DA:10,0,k0A+RsR5lpk4VB/ZeO6xxQ
DA:11,0,gUBZUjcp2Nd34lz/6NrXmA
LF:8
LH:5
end_of_record
TN:
SF:C:\Python Projects\Alpha-Finance-Tracker\Finance-Tracker-Service\app\models\calendar_intervals\total.py
DA:1,1,/+It2jF0zK9Ii+hjDIpGpw
DA:3,1,lKWbyJnhh5fcCqMfuH8JPw
DA:6,1,8RwztcIDgX5eKsfcvJEdog
DA:7,1,9JtFyovwU/s5AqKsvWLnGQ
DA:8,0,wbNEq8azeAtOBtwdm8XYfw
LF:5
LH:4
end_of_record
TN:
SF:C:\Python Projects\Alpha-Finance-Tracker\Finance-Tracker-Service\app\models\calendar_intervals\week.py
DA:1,1,WpEjgxacqgxANZhpobgHYQ
DA:3,1,heOPf0DzELJsQ+3nrhe+Bg
DA:5,1,iC4l63VwsnlZSL18EZbFNg
DA:8,1,n3psgFb5c/yM5C8E31eOAQ
DA:9,1,9JtFyovwU/s5AqKsvWLnGQ
DA:10,0,gcPc7DRRQRihRw9sl7DO+A
DA:11,0,QNREOyNmZgYkv4S0rSWN1A
LF:7
LH:5
end_of_record
TN:
SF:C:\Python Projects\Alpha-Finance-Tracker\Finance-Tracker-Service\app\models\calendar_intervals\year.py
DA:1,1,/+It2jF0zK9Ii+hjDIpGpw
DA:2,1,WpEjgxacqgxANZhpobgHYQ
DA:4,1,heOPf0DzELJsQ+3nrhe+Bg
DA:7,1,yyzfybQxkovGLuD7wljLVw
DA:8,1,9JtFyovwU/s5AqKsvWLnGQ
DA:9,0,gcPc7DRRQRihRw9sl7DO+A
DA:10,0,0kuMobQWbWDuP9mfkX6FQA
LF:7
LH:5
end_of_record
