TN:
SF:C:\Python Projects\Alpha-Finance-Tracker\Finance-Tracker-Service\app\api\routers\finance_tracker.py
DA:1,1,au6VXtmzjP/5vtQ/oooh/w
DA:2,1,bbAb3iMEu+lQ2BC5SVbT2g
DA:4,1,qWBBg6e+JIA/p3cR9F4vyA
DA:5,1,TQ7xwOs2uLF2PniJ0NHzMA
DA:6,1,k1BrvBBuMXkqZLV1jGcVZw
DA:7,1,gcAmKQdgSxTCIgO/Yxfycw
DA:8,1,nDIGe6l/VukACcom8uHzWQ
DA:10,1,1Tyqvy32o7/x3D6pcrrs3Q
DA:11,1,riZXudrEK7hzW5LyRL5yxQ
DA:13,1,Ebzq3jzDX/kqnBkcNFcjKw
DA:14,1,o6tgbYQ57ZAqnfPUpWRrXg
DA:28,1,VBTMklVvuzpILgnfL3PKQQ
DA:29,1,TEFlEWmtC01Q66DMYJmFBw
DA:32,1,H7ul5l/Lbgx62+E8J7vCJA
DA:33,1,0XqE/qNfUWQgbqebXaP76A
DA:52,1,VBTMklVvuzpILgnfL3PKQQ
DA:53,1,y5w2mXM/XvKDRR2owXK5Kw
DA:55,1,x+VyULeCoEAox4nsW09BUw
DA:56,1,sxyZGjCelqXk9e12Vn6Ruw
DA:73,1,VBTMklVvuzpILgnfL3PKQQ
DA:74,1,t2cfq0MC++37R2txsAHX6w
LF:21
LH:21
end_of_record
TN:
SF:C:\Python Projects\Alpha-Finance-Tracker\Finance-Tracker-Service\app\api\services\expenditures.py
DA:1,1,IYkHMmtdP0PzFbW7Lld8hg
DA:2,1,LNJyfIFG8Az1Pi7PQ6+NVg
DA:5,1,DW6bWj45mijL9evSpVEtMw
DA:7,1,kBYL7lxxemB3pBmvBzX5dA
DA:8,1,4VPuoQvINcH8KOXzptY2nw
DA:10,1,kP0PooAlM49BkEO61v93jg
DA:11,1,uWwfdsa6wF5gpNyx8MwUrA
DA:12,1,KOAtJQtaTWX4xvRA85F8sQ
DA:13,1,24ccMqiYUT53/AArQR76eg
DA:14,1,xjcDBnSwra0OiNOAYAwoHA
DA:15,1,4ZDvPcVeBEQA0eHS2/NADQ
DA:20,1,vkRmd+WbsbD/bq1rmq3X6Q
DA:21,1,3pqafCewNkfaq4d0WgC33Q
DA:25,1,99gl4EwskoB2T66+NYg+8w
DA:26,1,UsntOJhTIV8aMYYdP+eWXg
DA:27,1,WctXH1q1DAVHlwFjAj6ibw
DA:28,1,oRqjiBPi5NAmfQQJf8p5Uw
DA:31,1,S/rhAr0C/nLaW4fRdGEmNw
DA:32,1,RkUPZs8XnXKHgd654WQn7w
DA:37,1,MU0LAVdPscPgKUqVmWpkBA
DA:39,1,D/Jw4DkL16eXneoWkqlCGw
DA:16,0,DiLWLi1etxXIUPub6hbj5g
DA:17,0,7i+gH6tzBMM/xvgfeWmozg
DA:19,0,BgWOyOfaKS2Ljlm3uYkuHw
DA:22,0,3YMCPDRRiTd7NrrdXZvSGQ
DA:23,0,/epQTfp1jOvjGFsvUkRYHA
LF:26
LH:21
end_of_record
TN:
SF:C:\Python Projects\Alpha-Finance-Tracker\Finance-Tracker-Service\app\api\services\kaufland.py
DA:1,1,EZEzNmL93PY96zsSuI0PfQ
DA:3,1,IYkHMmtdP0PzFbW7Lld8hg
DA:4,1,XfNxE7VwI5pcAe+jPoPEmg
DA:5,1,Lfb4blSoOi6uXnB+HI7DgA
DA:8,1,GsJiD08zo6RS1O17IyT2JA
DA:10,1,XepYpR6w+MYtafn0NbSjfQ
DA:11,1,rR8emZPBm/uoPlNt1zvE8w
DA:12,1,Lx+0Rf0r/fJE9Sld7RBTVw
DA:13,1,oG9rHKxP5dxLAnlBpsxo1w
DA:14,1,6IqDi367Uid0BAZqc613sQ
DA:16,1,BRk7Dir3fqt67xy7pcyrhg
DA:17,1,DQvwF/QHH6KTA9kUJSlo9Q
DA:18,1,8b+oTIjIRfCzNzySyIOFEg
DA:20,1,wFjrguksgooyb6oc8yqn/Q
DA:21,1,E3l8UGOipnzD3YMAbBVwUQ
DA:23,1,Oh4Vw9EZzI3t5/oVFdVGAg
DA:24,1,A9X2urucim21XJGzpbzo7w
DA:25,1,JKjzdpaTWahNhxHWKyZXww
DA:27,1,39i/gBQogd+vxnPHJKI7eg
DA:28,1,e1oLPw3COo+SQoEKGMcz/A
DA:30,1,SXYn0/e/NPJ+EVkGFOa3tg
DA:31,0,1CqPnZypi8lLs9FaAZn/2Q
DA:32,0,xvWIcpcyNr0gyGcTkdMxXw
DA:33,0,ghjZQ8Gveox66xSTG7n09g
DA:35,0,kUZhNFRNQS1B0USfGj1DPw
DA:36,0,NrDAqEqcJtvmQgQDEuBvhQ
DA:37,0,wf8zikaOOYtdJWqIDWMkDQ
LF:27
LH:21
end_of_record
TN:
SF:C:\Python Projects\Alpha-Finance-Tracker\Finance-Tracker-Service\app\database\config.py
DA:1,1,hyoFs7Q2kEx+ZBdXo1gcBA
DA:3,1,3fOm3DkA091z0Q8FDEpq5w
DA:4,1,TjtQ0hJLnFmMl++nQgS2iw
DA:5,1,SARpxQfpJNTUgPOy1JQ77w
DA:6,1,TxEkDxszf+f9fzyDptX8QQ
DA:7,1,4mUSNFisLv47S+4QW9yvrg
DA:8,1,+o8wz7Dpy0zRkAdaFstR/Q
DA:10,1,fSxZ6/qzdKy2pEcxhY/JLQ
LF:8
LH:8
end_of_record
TN:
SF:C:\Python Projects\Alpha-Finance-Tracker\Finance-Tracker-Service\app\database\database.py
DA:1,1,dJgSo3J1ZcfReWkXu0fKFQ
DA:3,1,lKWbyJnhh5fcCqMfuH8JPw
DA:4,1,ZBuURFYjqBZc5UQjkSAzFQ
DA:5,1,DTFvkDZpgrcuB9VTEe7NwA
DA:6,1,0B6z2YSYoiVWaaDs8ol8GA
DA:8,1,ozZWVh/+yp8+JJMfY6jNvQ
DA:11,1,RuZ5KcncCoRYUb0REMXZIg
DA:12,1,a9vrQjb4ih2gNwUKK8GGgA
DA:13,1,777ZvZbnCUqwkr8UPfX1HA
DA:14,1,TYrKXJE9KJ4Wsn5b1yfpKA
DA:18,1,q4Kwy4e2XWtY4PCYRTlEUw
DA:19,1,vzDZCBezA5zqkZD7uuXuUw
DA:24,1,+X23RayEULpZuoEkBOYTyQ
DA:15,0,r8qxf2lvcMGHhQqEZBnsJA
DA:16,0,PfXlYkTJKYk1y3SMnod7Ww
DA:20,0,8v+iO1PbAg/1yDwwt6hBng
DA:21,0,r14kk77qgGIfo3uAwgbhtw
DA:35,0,8v+iO1PbAg/1yDwwt6hBng
DA:36,0,xjcDBnSwra0OiNOAYAwoHA
DA:37,0,le7obBRDTsdws81DdN0OTQ
DA:38,0,H7JPVUhjZ/w3/VYU6Bv6IQ
DA:39,0,+GWsphdhRejlMnre9sqPXA
DA:40,0,KOhx1tSGfMtJDsL7Y40S5g
DA:41,0,0ml07jP0q8pDgiyWbXJvAQ
DA:42,0,AkAl9hbl+Kr1wlx7+ei7vw
DA:43,0,MnpVNvqkQCoFbvpFdPSZ/g
DA:45,0,pEMRfctrSPI5xOIKAwge7w
DA:46,0,aJN5Cq7Wz+0iefx8zlGUHA
DA:47,0,N6rPuiHbsfZ12FynUX4n2Q
DA:48,0,HqlXAcXZnYzbmAOWKp4ezg
LF:30
LH:13
end_of_record
TN:
SF:C:\Python Projects\Alpha-Finance-Tracker\Finance-Tracker-Service\app\database\models\expenditures.py
DA:1,1,4KXOIu0EzlFAqlH6QJ+whA
DA:3,1,w5ySUgxw6KkdNJWWdoTydQ
DA:4,1,ZBuURFYjqBZc5UQjkSAzFQ
DA:6,1,yLELqjXchZ91PowUhUJhCQ
DA:9,1,o2qkQIOqbC0xHYkPzWfYIQ
DA:10,1,zK3tUmuhB3GruNI0zPke3w
DA:12,1,O+mth+SX1YjwCkTxIBtZdw
DA:13,1,qnoNShbkWuq7nV9Sb08Nng
DA:14,1,NY2s/Mudwb0JjOQRTsv9kg
DA:15,1,tsAccfxT2WZBOhCLQWheYg
DA:16,1,EqZxGA6xZ5DHaJgCaGpIJg
DA:17,1,9KewHoGrgbvBzrd+MZjqOw
DA:18,1,QSWBEMkPEjIi8rEo//3FEw
DA:20,1,x/kfm13zJo2KM0I7VDzkxg
DA:49,1,Nnqu9X+lU2lagW39QNhFWA
DA:50,1,gBsU4JUT9kuGVS5C5pqBOQ
DA:22,0,tsqVPEM7UqxeT5rRcV1hew
DA:23,0,xvWIcpcyNr0gyGcTkdMxXw
DA:24,0,FSTcNTOXPihnpeKeov8NQQ
DA:25,0,pE8+PA7Lp7HrXbpXjCdWYA
DA:26,0,3dBhjxahjljZPww056/LpA
DA:33,0,ncqqc21G+sH6MlL56EkXmQ
DA:34,0,3dBhjxahjljZPww056/LpA
DA:41,0,leXgZ8keigKih6q11vBedg
DA:42,0,TtKlkOO0WI6iUFgIYLoj3g
DA:43,0,deC3xERGMO7dGGMxXapJ5g
DA:44,0,a2OUTBdxS74yTXVfHOYkBw
DA:46,0,gbsNvySVV8to08YKkHk8yA
DA:47,0,qL9DgtAxeorG7cjy+kb0Jg
DA:51,0,tsqVPEM7UqxeT5rRcV1hew
DA:52,0,xvWIcpcyNr0gyGcTkdMxXw
DA:53,0,q9b2DyUeE60eVEeClMyZ0A
DA:54,0,QjZZeoPVjL3PWqlEfNw05w
DA:55,0,a2OUTBdxS74yTXVfHOYkBw
DA:57,0,LS/AlZgbaI0/51E/RUfQVA
DA:58,0,hjyzHL3CqfkA5/BOKVc+lQ
LF:36
LH:16
end_of_record
TN:
SF:C:\Python Projects\Alpha-Finance-Tracker\Finance-Tracker-Service\app\models\base_models\calendar.py
DA:1,1,0tRnYWT7fnP6+iJzpYJFFA
DA:4,1,VZnD1OS+QcXt6qVypZilgg
DA:5,1,XoVUOkRyu3PGO4dLV1agZw
DA:6,1,9JtFyovwU/s5AqKsvWLnGQ
DA:7,0,ZsPI7IOzVWacIAL6deimNw
LF:5
LH:4
end_of_record
TN:
SF:C:\Python Projects\Alpha-Finance-Tracker\Finance-Tracker-Service\app\models\base_models\periods.py
DA:1,1,4oUDC2NkD/xmn9hI/HYl8Q
DA:2,1,/p8cnIZjSxtsDIdDFoCakA
DA:3,1,kvYiiXbrkiwIUT1r5ia7JA
DA:4,1,9K5CsU9McQCOZHkl03a7dw
DA:5,1,psoNp7mSIylt8j14/KBzHw
DA:8,1,b4/xbk8l4ahlaeVe8xn/VQ
DA:9,1,jbgqKqJ3rrRrHhgk7fuY4A
DA:10,1,X6ji7nBMbVtYlIUQak5rDQ
DA:11,1,pGbWgGC/jxRkbuSQk6TvbQ
DA:12,1,fiXcg+QSuUHePYGn6Mrr/Q
DA:13,1,nV9tfmRJ8o3f2MO+zvWPaw
DA:15,1,LrBsFv+1HUdGr2GalE0RMw
DA:16,1,nJlBK4zHJwOqtvr32n0w7w
DA:17,1,wP5z1ZU/01IQMGelEI4lqg
DA:25,1,HmADa1g/W1C2Vo9Wm4sNNA
DA:26,1,hmEurnOVaDKmEOQOUAfNeA
DA:27,1,V6v0rUZL6kU5373u5FhE0Q
DA:29,1,HmADa1g/W1C2Vo9Wm4sNNA
DA:30,1,0x1Lk96EuvEsfhDsJR/rlQ
DA:31,1,mpj3HBKefQt+qcjScdO/Kg
DA:33,1,HmADa1g/W1C2Vo9Wm4sNNA
DA:34,1,Yc5KZLVSKJS4E03rVE3dxQ
DA:35,1,rr0zpj4UjrGTwVWXtgOofQ
DA:37,1,HmADa1g/W1C2Vo9Wm4sNNA
DA:38,1,uFEMt7gjWTfblAvvOvBGqg
DA:39,1,FqP2ejCK8J71vOV2t2kEqg
DA:41,1,HmADa1g/W1C2Vo9Wm4sNNA
DA:42,1,xJjLFm1c/kFGPC/Ly55IaA
DA:43,1,G3MiXPv2wUywEWVx82b7WQ
DA:45,1,cyOOP7h7KG8s8e61+6k6hQ
DA:46,1,admHS5++c38Igcc08Zlfag
LF:31
LH:31
end_of_record
TN:
SF:C:\Python Projects\Alpha-Finance-Tracker\Finance-Tracker-Service\app\models\calendar_intervals\month.py
DA:1,1,/+It2jF0zK9Ii+hjDIpGpw
DA:2,1,WpEjgxacqgxANZhpobgHYQ
DA:4,1,heOPf0DzELJsQ+3nrhe+Bg
DA:7,1,BftjEnIpy9ul17RmmkU4BA
DA:9,1,9JtFyovwU/s5AqKsvWLnGQ
DA:10,1,gcPc7DRRQRihRw9sl7DO+A
DA:11,1,ks0zINiF4t3EadIFCXRBQg
LF:7
LH:7
end_of_record
TN:
SF:C:\Python Projects\Alpha-Finance-Tracker\Finance-Tracker-Service\app\models\calendar_intervals\quarter.py
DA:1,1,/+It2jF0zK9Ii+hjDIpGpw
DA:2,1,WpEjgxacqgxANZhpobgHYQ
DA:4,1,heOPf0DzELJsQ+3nrhe+Bg
DA:7,1,jM01VW2JUGa8mAlcr9ziQg
DA:8,1,9JtFyovwU/s5AqKsvWLnGQ
DA:9,1,gcPc7DRRQRihRw9sl7DO+A
DA:10,1,k0A+RsR5lpk4VB/ZeO6xxQ
DA:11,1,gUBZUjcp2Nd34lz/6NrXmA
LF:8
LH:8
end_of_record
TN:
SF:C:\Python Projects\Alpha-Finance-Tracker\Finance-Tracker-Service\app\models\calendar_intervals\total.py
DA:1,1,/+It2jF0zK9Ii+hjDIpGpw
DA:3,1,lKWbyJnhh5fcCqMfuH8JPw
DA:6,1,8RwztcIDgX5eKsfcvJEdog
DA:7,1,9JtFyovwU/s5AqKsvWLnGQ
DA:8,1,wbNEq8azeAtOBtwdm8XYfw
LF:5
LH:5
end_of_record
TN:
SF:C:\Python Projects\Alpha-Finance-Tracker\Finance-Tracker-Service\app\models\calendar_intervals\week.py
DA:1,1,WpEjgxacqgxANZhpobgHYQ
DA:3,1,heOPf0DzELJsQ+3nrhe+Bg
DA:5,1,iC4l63VwsnlZSL18EZbFNg
DA:8,1,n3psgFb5c/yM5C8E31eOAQ
DA:9,1,9JtFyovwU/s5AqKsvWLnGQ
DA:10,1,gcPc7DRRQRihRw9sl7DO+A
DA:11,1,QNREOyNmZgYkv4S0rSWN1A
LF:7
LH:7
end_of_record
TN:
SF:C:\Python Projects\Alpha-Finance-Tracker\Finance-Tracker-Service\app\models\calendar_intervals\year.py
DA:1,1,/+It2jF0zK9Ii+hjDIpGpw
DA:2,1,WpEjgxacqgxANZhpobgHYQ
DA:4,1,heOPf0DzELJsQ+3nrhe+Bg
DA:7,1,yyzfybQxkovGLuD7wljLVw
DA:8,1,9JtFyovwU/s5AqKsvWLnGQ
DA:9,1,gcPc7DRRQRihRw9sl7DO+A
DA:10,1,0kuMobQWbWDuP9mfkX6FQA
LF:7
LH:7
end_of_record
TN:
SF:C:\Python Projects\Alpha-Finance-Tracker\Finance-Tracker-Service\app\models\data_validators\expenditure_display.py
DA:1,1,5khM4b4Zit8QxJeaI3fC7g
DA:2,1,jEc91tz0B1b2beSYnS+UDQ
DA:4,1,QN/53KnLlg2mpFtPXGkzLA
DA:7,1,nFW+XbQHkIA8YYpyzCUaHg
DA:8,1,Ih19nB0/qqYfid27qlDVxg
DA:9,1,uZ9Quznsk1/PZaRfY05vtA
DA:10,1,RFP4qu9yk00ErhJGuvf00A
DA:12,1,ORyqIBj4S1Dvpdsn2aNpmg
DA:13,1,+gi8VEM+a1ditMMjnHR0Ew
DA:14,1,I8JZXA6WPHQFLEj4W+FrvA
DA:15,1,zoWYXi9OsccoYgywKzyZqQ
DA:16,1,qOki73tFtYI2r65tQZ+O0A
DA:17,1,BorTe+0HQpcr3zDD5zth5A
DA:19,1,3eU0OSDr9gi/78B1r9JDRQ
DA:20,1,JRiMhUVSb81rUhejI3Y9xA
DA:21,1,f4TKZEgHHhMSWXew53qTFg
DA:22,1,vH4Sa2OWE3b5Ht0KQzWfSQ
DA:23,1,aZSR5aQhZLEdQTh2obs8oQ
DA:24,1,BorTe+0HQpcr3zDD5zth5A
DA:26,1,ypxTu+oiADN4nHuKNqRLGg
DA:27,1,aZ0CVL6Rg7R8+rWupfmyqQ
DA:28,1,hGVFkwDZv/SJqtk9bxOs2g
DA:30,1,xqm/dgyRvC4KN0vlK8O6oQ
DA:31,1,hEkEOMLjPHiVZYDSc6tObw
DA:32,1,BorTe+0HQpcr3zDD5zth5A
LF:25
LH:25
end_of_record
TN:
SF:C:\Python Projects\Alpha-Finance-Tracker\Finance-Tracker-Service\app\models\data_validators\expenditure_registration.py
DA:1,1,WpEjgxacqgxANZhpobgHYQ
DA:3,1,dgjES+M4Rulfeu/IyQfqIQ
DA:5,1,ET/qecyL+LvFVCY17Jw9uQ
DA:8,1,jDdQV4Jg3uqaWttk31PVMQ
DA:9,1,IYAiIlJtKKzJfXrykf3WFQ
DA:10,1,JBAWGBRDNcrDE1xEVcIFlg
DA:11,1,ZAn97HrfshGiSC3H8WOmpg
DA:12,1,iIgpd0EE42qTZh7UEGkTAg
DA:13,1,rB92E4uqiYJDGZqf+ChLyQ
DA:15,1,vzhQLom7fHfPIU0DZGVgnw
DA:16,1,Xyefv5dLeDSCArsd/Ss1SA
DA:17,1,cr61T0FMVLv0T0Zs6Sbc0w
DA:18,1,kvawAzyqoOOoYlJExQ0ZmA
DA:19,1,BorTe+0HQpcr3zDD5zth5A
DA:21,1,s8Iod9F7/kULzJmOAluV0Q
DA:22,1,HvsbD8wyq2lN/ftB6xbwAg
DA:23,1,W8kieVZCDUmMp1FSSrHwhA
DA:24,1,8eC74qSgE5M13Ra0qDLZLw
DA:25,1,BorTe+0HQpcr3zDD5zth5A
DA:27,1,3eU0OSDr9gi/78B1r9JDRQ
DA:28,1,JRiMhUVSb81rUhejI3Y9xA
DA:29,1,JMMgWPxtmtRcp0E44/w0Hw
DA:31,1,vH4Sa2OWE3b5Ht0KQzWfSQ
DA:32,1,aZSR5aQhZLEdQTh2obs8oQ
DA:33,1,BorTe+0HQpcr3zDD5zth5A
DA:35,1,G0MI3IqKD1Rtj2mylz0GOQ
DA:36,1,KqBo5mz9qPk1f2QqfKP62w
DA:37,1,8P/qPvlx+8v1irdq9WH0fQ
DA:38,1,hVg9W0tdgbz+HH7KBpJj5g
DA:41,1,xbN4rTrNOCrTpm20OjXZbg
DA:43,1,BorTe+0HQpcr3zDD5zth5A
DA:45,1,IJgwY8MHKyN6AtG4uBs3eg
DA:46,1,MhL54lUxzGT7ZWTvGACmaA
DA:47,1,xjcDBnSwra0OiNOAYAwoHA
DA:48,1,Q1e8w3AGyJRLg5CckPs1wA
DA:49,1,BD5ss4X80bV5hG7sH7kjhg
DA:50,1,vtpjuSjMXsofeHuwD/jfKA
DA:51,1,MQAw7ryZXIqoa+XVvQuYKQ
DA:52,1,kDEp+5FXaxwqtt+iGUdTKg
DA:42,0,MjVDY53eOVadpNvqqGtxNQ
LF:40
LH:39
end_of_record
TN:
SF:C:\Python Projects\Alpha-Finance-Tracker\Finance-Tracker-Service\app\models\data_validators\image.py
DA:1,1,WJWBM+LlzW+TNiMdXp3pTw
DA:4,1,aHTlLi8l+QLCeZDu9O+fWg
DA:5,1,KxgaGtJPkScc4OG7mJ59vg
DA:6,1,+wwvS8rybN1ZqpryubT6vg
DA:7,1,xjcDBnSwra0OiNOAYAwoHA
DA:8,1,NJb7lFHpfvlMU/aRoeaNBQ
DA:9,1,f0IEbLt+C9Wrd0DkyiDykQ
DA:10,1,PXrLz9AbC8PNtvlfN3nFBw
DA:15,1,4QvUIkZ98JRbjZABN4WpMg
DA:16,1,2B3ZhdIj6yrFrBFjm6A2Zw
DA:17,1,cCzhnT+1tmGi11b28Pmfwg
DA:18,1,rqOSYv65nziWPZcVBXpkDg
LF:12
LH:12
end_of_record
TN:
SF:C:\Python Projects\Alpha-Finance-Tracker\Finance-Tracker-Service\app\models\data_validators\kaufland_receipt.py
DA:1,1,WpEjgxacqgxANZhpobgHYQ
DA:3,1,mMMhoH5oleU4atWEI95NWA
DA:4,1,kI06a36PDvwH1EO0AT/9Iw
DA:7,1,haQht8H+Fo9HDhk2Nc6LTQ
DA:9,1,XepYpR6w+MYtafn0NbSjfQ
DA:10,1,rR8emZPBm/uoPlNt1zvE8w
DA:11,1,Lx+0Rf0r/fJE9Sld7RBTVw
DA:13,1,npKF3zRvMZ4b/qO2NlnxXw
DA:14,1,qbYutoyzwDo4MeRTMSsISA
DA:16,1,xRAs7PttO1KTUl0KOEZdXw
DA:17,1,xjcDBnSwra0OiNOAYAwoHA
DA:18,1,AhSGH7RSKhpCBhSxIKgzVg
DA:19,1,o7tvNiq40uwo8eP+lY5kyg
DA:20,1,BEuBrtg0+TmHsWPRcA7veg
LF:14
LH:14
end_of_record
TN:
SF:C:\Python Projects\Alpha-Finance-Tracker\Finance-Tracker-Service\app\models\ocr.py
DA:1,1,p7hNY1S5rX9QtYADf+cK4g
DA:2,1,FIaPSuhjB2V2soaEKef+Vg
DA:3,1,76gMxZk27ccEMjhEzqV59Q
DA:4,1,rl4aPQVtsb9iOnyZCOJVxQ
DA:5,1,yVBcskZXH7Esg8DNmROLTg
DA:6,1,IWWjrCeOtk8NNtrE95++2g
DA:8,1,El1tSeJ68AS9R4X5WC/YAg
DA:9,1,qH93PBjPXfS4WzId9+DlKg
DA:11,1,Pg5uvSiYLCi8B5uQiQ/KYA
DA:16,1,DHQi9WD3uQqA33mHay94ow
DA:18,1,UA1htTk6UTR6WXzN0Wph4w
DA:19,1,YmW+B23UMn+pW0vAvkuLuQ
DA:20,1,waXBy5a+LoljS4zMiLWFTQ
DA:26,1,GQN+0rwX759FSytBq85zWA
DA:32,1,Jb8jt7pT43TRqyJMt7Hk0g
DA:36,1,De5hx2vC+b5CmcLs3X7sHQ
DA:40,1,yXyXQm/AFzBkimfQGZuSvA
DA:58,1,WJTpSgZtrCCjcjsTQyO8kQ
DA:59,1,xjcDBnSwra0OiNOAYAwoHA
DA:60,1,Bxya8+EFHbrBRmp0US/VUg
DA:68,1,0szijcLwwkj4+J6apHlGkQ
DA:21,0,tRezK/7H764LPyKQhtIWEg
DA:22,0,3hZumS/vtJwtwWzRMv1FRg
DA:23,0,AiylGpetumxOSIi4WVXYjQ
DA:24,0,2Spj00wF8+tNdIi2N5NZpQ
DA:27,0,vJ3V6B1Agjd+tVRRKq3J9w
DA:28,0,qDAUwBp6ZewSsPjGP0LAKw
DA:29,0,hWmdS0jxCG7ioJ4Yhmu73w
DA:30,0,sPlRD5bXGgWHtxa6COWmWw
DA:33,0,lVzQvK3nCPCYHMtSWX01JQ
DA:34,0,Jk+IPKjoNbDx+9tk0zg4rg
DA:37,0,Un62vt+YH+reFlYckrMn7g
DA:38,0,lC4ib4OMo4fOFKi4uO+m8A
DA:41,0,fOzOPwYU3QSc+sb36Got2g
DA:42,0,UgYI4sFv/gZXPNrNMV0BrQ
DA:44,0,MaO0lmpSF6uDJZ16mxTFtA
DA:45,0,RhHReMt0EXeTVXDkM64GXg
DA:46,0,JzDVPwwIXsssk/UrHU64yw
DA:47,0,HRmYgrUgQRrlHMAQ7gWdXQ
DA:49,0,1HRNDfyUbfLQwrXUUDSXJg
DA:50,0,NOy7lTS8YMBitD5vyjqQ6w
DA:51,0,SQZxKyQVD1zq4rxIcuVyEg
DA:52,0,2s4gF7Tx3aGo1SnlcC/y5A
DA:53,0,brs3aqnShCAjszSvAfeSkA
DA:54,0,bt70vyafNWIiIWktmAd/xg
DA:56,0,L7LJB2wTsFG8ywUYGcdE3A
DA:61,0,WTEphB3nnNZT8xv4yQK0tg
DA:62,0,NjbNr/fS7T2TYSXCyC500Q
DA:64,0,6CtgyaEtsoXw/YMhth7l9Q
DA:65,0,jtO5w84Axlc8c+J4yUu0HA
DA:66,0,3Q1pXcLAmbxbqq0LFXzKTw
DA:67,0,VXwlHh+TNdlDwizbhiItIA
DA:69,0,PEC0pZ6LvI8q7i/rRH726Q
LF:53
LH:21
end_of_record
TN:
SF:C:\Python Projects\Alpha-Finance-Tracker\Finance-Tracker-Service\app\models\open_ai.py
DA:1,1,rlMoGwILDoo+nS2U32gjXQ
DA:2,1,OaTlemF3bXMi5MP7Db8vkQ
DA:5,1,JcTTRVwZXL2kkpMNCLMWcA
DA:7,1,gFdnwIzxJ64X+nD2UauP7A
DA:10,1,FI1atjoxMhygtGSn8gvUHA
DA:8,0,/Y0/UUjK19YJwQOncO+eJw
DA:11,0,mYGJg2DqU1PqU0j5ZRmgsA
DA:12,0,xjcDBnSwra0OiNOAYAwoHA
DA:13,0,6pYjrIc+wRzKUbN56pvGDA
DA:20,0,kTSiO5qZhbS1QpyzFqVfvA
DA:21,0,/zV9MH+RxeI5V8ytr7/FYA
DA:22,0,LpVxIXsegzNAKQycMGfgLw
DA:23,0,lYSGgm5DFsLdxOVblxu4sg
DA:26,0,cCzhnT+1tmGi11b28Pmfwg
DA:27,0,ACxcUcsfhuKhZrajKvBcjg
DA:28,0,Dwjd91USmMoWKfkSCVg/jg
LF:16
LH:5
end_of_record
TN:
SF:C:\Python Projects\Alpha-Finance-Tracker\Finance-Tracker-Service\app\utils\auth_verification_services.py
DA:1,1,WpEjgxacqgxANZhpobgHYQ
DA:3,1,5i5mNQFOez5iLe7KeJWRMg
DA:4,1,HBAtd9j+KivVBV1zmqat2A
DA:5,1,7Z9Lj4ed27Wf2hBX6jooEA
DA:7,1,oBn3m+aX07XSXyLZ7hhJvQ
DA:8,1,ZI88TRQb2c3IrifCrqN8eg
DA:11,1,AjXBU7hMJCjaC4ii3eFfAw
DA:12,1,cWqItC0hrkMXmXkx3Qky0g
DA:14,1,iCFf+h2R5A1+ITN/j8aYFQ
DA:15,1,A/o+Fn6mlFSa/689bUebzQ
DA:20,1,B/Fo9U4/nMeRNS1JjGZVyQ
DA:21,1,vqpzhBSxbnJXfbcp1wmu9w
DA:22,1,U/raoXaWZ1PDsnKa65tBtw
DA:23,1,d1jYmUeVbKTnBC1VhTQ7jg
DA:25,1,NSIZP9XRbnvRPJYjwtL0hw
DA:26,1,KDB7XvmdAeTwD3r310q3ag
DA:27,1,KAh8DXTCVonjiO4qKxnmLQ
DA:28,1,9np3I17vPqrjyIj7fKFAig
DA:24,0,bvJa9A/YiMG/hu+Iw+5TFg
LF:19
LH:18
end_of_record
TN:
SF:C:\Python Projects\Alpha-Finance-Tracker\Finance-Tracker-Service\app\utils\responses.py
DA:1,1,5i5mNQFOez5iLe7KeJWRMg
DA:3,1,hgpooNL3tUGYOF81Xwq5rQ
DA:4,1,s64mzR0+Ai2IMOusE7mXog
DA:5,1,5l2w0eg7poQJNxaWR/xKAQ
DA:7,1,SrlDF7SbudJqdfGPGS0hZg
DA:8,1,gse6lieMUpvPcJjvIjv7LQ
DA:11,1,JrotgWElcza6Vxr8wLFxhA
DA:12,1,BFW08CaNV28MGRypTZMZnQ
DA:15,1,hvM2VheO9umiOdOc67G62A
DA:16,1,o/hAfb2XTAIJj5hGwqSlCg
DA:19,1,SJK5sKXmvmBkGKRnEFQ+rw
DA:20,1,PToqJv/BEs/wfgxuz1mlSQ
DA:21,1,9OmRYn3C1TRW2syySCNZ+Q
DA:23,1,h+DiVt2DhqGzY+ebv93eZw
DA:24,1,0x6VmfQTkPFCB4uUYis/xQ
DA:25,1,KN0nXwUjm6OBh8DOy29n4A
DA:28,1,we3M/4h2rlF/aYemcMF9Yw
DA:29,1,ZQ4PNti8b4yo9ntFYEX3gA
DA:33,1,OasaBNwE0HB7WJ6IuMYdyQ
DA:34,1,0MJEbVy7jIFQazlIzKee+w
DA:35,1,E9eZ/fnfGflcnRhKDgRRAg
DA:38,1,EW4E+kRD3EsE59r2Rx7O4A
DA:39,1,gXrEWlEGZbjRh/L6LBkq9Q
DA:40,1,E9eZ/fnfGflcnRhKDgRRAg
DA:9,0,nVKNNdn4/qZPgXedJgLbqA
DA:13,0,YyK5Bgk8ZFvwbDqJepEv4g
DA:17,0,W040Btx63z/sKOI+NEmgvQ
DA:30,0,ktCwGCAvUJbPQCZ6wO9PpA
LF:28
LH:24
end_of_record
